<?xml version="1.0" encoding="UTF-8"?>
<!-- Generated by org.testng.reporters.JUnitReportReporter -->
<testsuite hostname="LAPTOP-7A2CJB9O" failures="0" tests="1" name="com.qa.TestScript.AvailabilityBus" time="15.572" errors="0" timestamp="23 Jun 2021 05:39:45 GMT" skipped="0">
  <testcase classname="com.qa.TestScript.AvailabilityBus" name="signIn" time="15.572"/>
</testsuite> <!-- com.qa.TestScript.AvailabilityBus -->
