<?xml version="1.0" encoding="UTF-8"?>
<!-- Generated by org.testng.reporters.JUnitReportReporter -->
<testsuite hostname="LAPTOP-7A2CJB9O" failures="0" tests="1" name="com.qa.TestScript.AvailabilityBus" time="16.447" errors="0" timestamp="25 Jun 2021 05:41:26 GMT" skipped="0">
  <testcase classname="com.qa.TestScript.AvailabilityBus" name="signIn" time="16.447"/>
</testsuite> <!-- com.qa.TestScript.AvailabilityBus -->
